[debug] [2025-01-13T14:34:15.260Z] ----------------------------------------------------------------------
[debug] [2025-01-13T14:34:15.262Z] Command:       /usr/local/bin/node /usr/local/bin/firebase init
[debug] [2025-01-13T14:34:15.263Z] CLI Version:   13.29.1
[debug] [2025-01-13T14:34:15.263Z] Platform:      darwin
[debug] [2025-01-13T14:34:15.263Z] Node Version:  v22.11.0
[debug] [2025-01-13T14:34:15.263Z] Time:          Mon Jan 13 2025 20:04:15 GMT+0530 (India Standard Time)
[debug] [2025-01-13T14:34:15.263Z] ----------------------------------------------------------------------
[debug] 
[debug] [2025-01-13T14:34:15.268Z] > command requires scopes: ["email","openid","https://www.googleapis.com/auth/cloudplatformprojects.readonly","https://www.googleapis.com/auth/firebase","https://www.googleapis.com/auth/cloud-platform"]
[debug] [2025-01-13T14:34:15.268Z] > authorizing via signed-in user (harlemsheikh457@gmail.com)
[info] 
     ######## #### ########  ######## ########     ###     ######  ########
     ##        ##  ##     ## ##       ##     ##  ##   ##  ##       ##
     ######    ##  ########  ######   ########  #########  ######  ######
     ##        ##  ##    ##  ##       ##     ## ##     ##       ## ##
     ##       #### ##     ## ######## ########  ##     ##  ######  ########

You're about to initialize a Firebase project in this directory:

  /Users/jobinjohn/Documents/infocampus/ui development/gitrepo/infocampus/meal-finder

[info] 
=== Project Setup
[info] 
[info] First, let's associate this project directory with a Firebase project.
[info] You can create multiple project aliases by running firebase use --add, 
[info] but for now we'll just set up a default project.
[info] 
[info] i  If you want to create a project in a Google Cloud organization or folder, please use "firebase projects:create" instead, and return to this command when you've created the project. 
[debug] [2025-01-13T14:35:00.122Z] Checked if tokens are valid: true, expires at: 1736781976368
[debug] [2025-01-13T14:35:00.122Z] Checked if tokens are valid: true, expires at: 1736781976368
[debug] [2025-01-13T14:35:00.123Z] >>> [apiv2][query] POST https://cloudresourcemanager.googleapis.com/v1/projects [none]
[debug] [2025-01-13T14:35:00.123Z] >>> [apiv2][body] POST https://cloudresourcemanager.googleapis.com/v1/projects {"projectId":"meal-finder-48702","name":"meal-finder-48702"}
[debug] [2025-01-13T14:35:01.848Z] <<< [apiv2][status] POST https://cloudresourcemanager.googleapis.com/v1/projects 200
[debug] [2025-01-13T14:35:01.848Z] <<< [apiv2][body] POST https://cloudresourcemanager.googleapis.com/v1/projects {"name":"operations/cp.7235978081463205144"}
[debug] [2025-01-13T14:35:01.849Z] Checked if tokens are valid: true, expires at: 1736781976368
[debug] [2025-01-13T14:35:01.849Z] Checked if tokens are valid: true, expires at: 1736781976368
[debug] [2025-01-13T14:35:01.849Z] >>> [apiv2][query] GET https://cloudresourcemanager.googleapis.com/v1/operations/cp.7235978081463205144 [none]
[debug] [2025-01-13T14:35:03.331Z] <<< [apiv2][status] GET https://cloudresourcemanager.googleapis.com/v1/operations/cp.7235978081463205144 200
[debug] [2025-01-13T14:35:03.332Z] <<< [apiv2][body] GET https://cloudresourcemanager.googleapis.com/v1/operations/cp.7235978081463205144 {"name":"operations/cp.7235978081463205144","metadata":{"@type":"type.googleapis.com/google.cloudresourcemanager.v1.ProjectCreationStatus","ready":true},"done":true,"error":{"code":9,"message":"Callers must accept Terms of Service","details":[{"@type":"type.googleapis.com/google.rpc.PreconditionFailure","violations":[{"type":"TOS","subject":"cloud","description":"Callers must accept Terms of Service"}]}]}}
[debug] [2025-01-13T14:35:03.480Z] FirebaseError: Callers must accept Terms of Service
    at OperationPoller.poll (/usr/local/lib/node_modules/firebase-tools/lib/operation-poller.js:24:19)
    at process.processTicksAndRejections (node:internal/process/task_queues:105:5)
    at async createCloudProject (/usr/local/lib/node_modules/firebase-tools/lib/management/projects.js:213:29)
    at async createFirebaseProjectAndLog (/usr/local/lib/node_modules/firebase-tools/lib/management/projects.js:71:9)
    at async promptAndCreateNewProject (/usr/local/lib/node_modules/firebase-tools/lib/init/features/project.js:32:12)
    at async doSetup (/usr/local/lib/node_modules/firebase-tools/lib/init/features/project.js:89:27)
    at async init (/usr/local/lib/node_modules/firebase-tools/lib/init/index.js:41:9)
[error] 
[error] Error: Failed to create project. See firebase-debug.log for more info.
